Removed Pin From Net: NetName=MOSI_3V3 Pin=U1001-2
Removed Pin From Net: NetName=CS_3V3 Pin=U1001-10
Removed Pin From Net: NetName=NetU1001_3 Pin=X1-1
Removed Pin From Net: NetName=NetU1001_9 Pin=X1-3
Removed Pin From Net: NetName=NetU1001_1 Pin=X1-5
Removed Pin From Net: NetName=5V_VCC Pin=X2-1
Removed Pin From Net: NetName=5V_VCC Pin=X2-3
Removed Pin From Net: NetName=5V_VCC Pin=X2-5
Change Component Comment : Designator=R3000 Old Comment=5528 New Comment=1M
Change Component Comment : Designator=H1 Old Comment=MOUNTING-HOLE New Comment=SIZE
Change Component Comment : Designator=H2 Old Comment=MOUNTING-HOLE New Comment=SIZE
Change Component Comment : Designator=H3 Old Comment=MOUNTING-HOLE New Comment=SIZE
Change Component Comment : Designator=H4 Old Comment=MOUNTING-HOLE New Comment=SIZE
Added Pin To Net: NetName=CS_3V3 Pin=U1001-2
Added Pin To Net: NetName=MOSI_3V3 Pin=U1001-10
Added Pin To Net: NetName=5V_VCC Pin=X1-1
Added Pin To Net: NetName=5V_VCC Pin=X1-3
Added Pin To Net: NetName=5V_VCC Pin=X1-5
Added Pin To Net: NetName=NetU1001_9 Pin=X2-1
Added Pin To Net: NetName=NetU1001_3 Pin=X2-3
Added Pin To Net: NetName=NetU1001_1 Pin=X2-5
