Added Component: Designator=C1000(TH-CAPACITOR)
Added Component: Designator=C1001(TH-CAPACITOR - POL - ANGLE)
Added Component: Designator=C1002(TH-CAPACITOR)
Added Component: Designator=C1003(TH-CAPACITOR - POL - ANGLE)
Added Component: Designator=R1000(AXIAL RESISTOR)
Added Component: Designator=R1001(POTENTIOMETER)
Added Component: Designator=R1002(AXIAL RESISTOR)
Added Component: Designator=R1003(AXIAL RESISTOR)
Added Component: Designator=R1004(POTENTIOMETER)
Added Component: Designator=R1005(AXIAL RESISTOR)
Added Component: Designator=U1000(DIP-24 WITH SOCKET)
Add component (AddParameter): Name = "Digi-Key_Part_Number"; Value = "MAX7219CWG+TCT-ND"; VariantName = "[No Variations]"
Add component (AddParameter): Name = "Digi-Key_Purchase_URL"; Value = "https://www.digikey.com/product-detail/en/maxim-integrated/MAX7219CWG-T/MAX7219CWG-TCT-ND/4146791?utm_source=snapeda&utm_medium=aggregator&utm_campaign=symbol"; VariantName = "[No Variations]"
Add component (AddParameter): Name = "MF"; Value = "Maxim Integrated"; VariantName = "[No Variations]"
Add component (AddParameter): Name = "MP"; Value = "MAX7219"; VariantName = "[No Variations]"
Add component (AddParameter): Name = "Package"; Value = "DIP-24 Maxim Integrated"; VariantName = "[No Variations]"
Add component (AddParameter): Name = "SnapEDA_Link"; Value = "https://www.snapeda.com/parts/MAX7219/Maxim%20Integrated/view-part/481049/?ref=snap"; VariantName = "[No Variations]"
Add component (AddParameter): Name = "Value"; Value = ""; VariantName = "[No Variations]"
Added Component: Designator=U1001(DIP-24 WITH SOCKET)
Add component (AddParameter): Name = "Digi-Key_Part_Number"; Value = "MAX7219CWG+TCT-ND"; VariantName = "[No Variations]"
Add component (AddParameter): Name = "Digi-Key_Purchase_URL"; Value = "https://www.digikey.com/product-detail/en/maxim-integrated/MAX7219CWG-T/MAX7219CWG-TCT-ND/4146791?utm_source=snapeda&utm_medium=aggregator&utm_campaign=symbol"; VariantName = "[No Variations]"
Add component (AddParameter): Name = "MF"; Value = "Maxim Integrated"; VariantName = "[No Variations]"
Add component (AddParameter): Name = "MP"; Value = "MAX7219"; VariantName = "[No Variations]"
Add component (AddParameter): Name = "Package"; Value = "DIP-24 Maxim Integrated"; VariantName = "[No Variations]"
Add component (AddParameter): Name = "SnapEDA_Link"; Value = "https://www.snapeda.com/parts/MAX7219/Maxim%20Integrated/view-part/481049/?ref=snap"; VariantName = "[No Variations]"
Add component (AddParameter): Name = "Value"; Value = ""; VariantName = "[No Variations]"
Added Component: Designator=X1(HEADER-2x5-MALE)
Add component (AddParameter): Name = "System"; Value = "Connector"; VariantName = "[No Variations]"
Added Component: Designator=X2(HEADER-2x5-MALE)
Add component (AddParameter): Name = "System"; Value = "Connector"; VariantName = "[No Variations]"
Added Component: Designator=X1000(1088AS-DOT-MATRIX-8x8)
Added Component: Designator=X1001(1088AS-DOT-MATRIX-8x8)
Added Pin To Net: NetName=5V_VCC Pin=C1000-1
Added Pin To Net: NetName=5V_VCC Pin=C1001-2
Added Pin To Net: NetName=5V_VCC Pin=C1002-1
Added Pin To Net: NetName=5V_VCC Pin=C1003-2
Added Pin To Net: NetName=5V_VCC Pin=R1001-1
Added Pin To Net: NetName=5V_VCC Pin=R1004-1
Added Pin To Net: NetName=5V_VCC Pin=U1000-19
Added Pin To Net: NetName=5V_VCC Pin=U1001-19
Added Pin To Net: NetName=5V_VCC Pin=X1-7
Added Pin To Net: NetName=5V_VCC Pin=X1-9
Added Pin To Net: NetName=5V_VCC Pin=X2-1
Added Pin To Net: NetName=5V_VCC Pin=X2-3
Added Pin To Net: NetName=5V_VCC Pin=X2-5
Added Pin To Net: NetName=5V_VCC Pin=X2-7
Added Pin To Net: NetName=5V_VCC Pin=X2-9
Added Net: Name=5V_VCC
Added Pin To Net: NetName=CS Pin=R1000-1
Added Pin To Net: NetName=CS Pin=R1005-2
Added Pin To Net: NetName=CS Pin=U1000-12
Added Pin To Net: NetName=CS Pin=U1001-12
Added Pin To Net: NetName=CS Pin=X1-3
Added Net: Name=CS
Added Pin To Net: NetName=DATA_OUT Pin=U1000-24
Added Pin To Net: NetName=DATA_OUT Pin=U1001-1
Added Net: Name=DATA_OUT
Added Pin To Net: NetName=GND Pin=C1000-2
Added Pin To Net: NetName=GND Pin=C1001-1
Added Pin To Net: NetName=GND Pin=C1002-2
Added Pin To Net: NetName=GND Pin=C1003-1
Added Pin To Net: NetName=GND Pin=R1000-2
Added Pin To Net: NetName=GND Pin=R1005-1
Added Pin To Net: NetName=GND Pin=U1000-4
Added Pin To Net: NetName=GND Pin=U1000-9
Added Pin To Net: NetName=GND Pin=U1001-4
Added Pin To Net: NetName=GND Pin=U1001-9
Added Pin To Net: NetName=GND Pin=X1-2
Added Pin To Net: NetName=GND Pin=X1-4
Added Pin To Net: NetName=GND Pin=X1-6
Added Pin To Net: NetName=GND Pin=X1-8
Added Pin To Net: NetName=GND Pin=X1-10
Added Pin To Net: NetName=GND Pin=X2-2
Added Pin To Net: NetName=GND Pin=X2-4
Added Pin To Net: NetName=GND Pin=X2-6
Added Pin To Net: NetName=GND Pin=X2-8
Added Pin To Net: NetName=GND Pin=X2-10
Added Net: Name=GND
Added Pin To Net: NetName=MOSI Pin=U1000-1
Added Pin To Net: NetName=MOSI Pin=X1-5
Added Net: Name=MOSI
Added Pin To Net: NetName=NetR1001_2 Pin=R1001-2
Added Pin To Net: NetName=NetR1001_2 Pin=R1001-3
Added Pin To Net: NetName=NetR1001_2 Pin=R1002-1
Added Net: Name=NetR1001_2
Added Pin To Net: NetName=NetR1002_2 Pin=R1002-2
Added Pin To Net: NetName=NetR1002_2 Pin=U1000-18
Added Net: Name=NetR1002_2
Added Pin To Net: NetName=NetR1003_1 Pin=R1003-1
Added Pin To Net: NetName=NetR1003_1 Pin=R1004-2
Added Pin To Net: NetName=NetR1003_1 Pin=R1004-3
Added Net: Name=NetR1003_1
Added Pin To Net: NetName=NetR1003_2 Pin=R1003-2
Added Pin To Net: NetName=NetR1003_2 Pin=U1001-18
Added Net: Name=NetR1003_2
Added Pin To Net: NetName=NetU1000_2 Pin=U1000-2
Added Pin To Net: NetName=NetU1000_2 Pin=X1000-9
Added Net: Name=NetU1000_2
Added Pin To Net: NetName=NetU1000_3 Pin=U1000-3
Added Pin To Net: NetName=NetU1000_3 Pin=X1000-1
Added Net: Name=NetU1000_3
Added Pin To Net: NetName=NetU1000_5 Pin=U1000-5
Added Pin To Net: NetName=NetU1000_5 Pin=X1000-2
Added Net: Name=NetU1000_5
Added Pin To Net: NetName=NetU1000_6 Pin=U1000-6
Added Pin To Net: NetName=NetU1000_6 Pin=X1000-8
Added Net: Name=NetU1000_6
Added Pin To Net: NetName=NetU1000_7 Pin=U1000-7
Added Pin To Net: NetName=NetU1000_7 Pin=X1000-12
Added Net: Name=NetU1000_7
Added Pin To Net: NetName=NetU1000_8 Pin=U1000-8
Added Pin To Net: NetName=NetU1000_8 Pin=X1000-5
Added Net: Name=NetU1000_8
Added Pin To Net: NetName=NetU1000_10 Pin=U1000-10
Added Pin To Net: NetName=NetU1000_10 Pin=X1000-7
Added Net: Name=NetU1000_10
Added Pin To Net: NetName=NetU1000_11 Pin=U1000-11
Added Pin To Net: NetName=NetU1000_11 Pin=X1000-14
Added Net: Name=NetU1000_11
Added Pin To Net: NetName=NetU1000_14 Pin=U1000-14
Added Pin To Net: NetName=NetU1000_14 Pin=X1000-3
Added Net: Name=NetU1000_14
Added Pin To Net: NetName=NetU1000_15 Pin=U1000-15
Added Pin To Net: NetName=NetU1000_15 Pin=X1000-15
Added Net: Name=NetU1000_15
Added Pin To Net: NetName=NetU1000_16 Pin=U1000-16
Added Pin To Net: NetName=NetU1000_16 Pin=X1000-4
Added Net: Name=NetU1000_16
Added Pin To Net: NetName=NetU1000_17 Pin=U1000-17
Added Pin To Net: NetName=NetU1000_17 Pin=X1000-16
Added Net: Name=NetU1000_17
Added Pin To Net: NetName=NetU1000_20 Pin=U1000-20
Added Pin To Net: NetName=NetU1000_20 Pin=X1000-10
Added Net: Name=NetU1000_20
Added Pin To Net: NetName=NetU1000_21 Pin=U1000-21
Added Pin To Net: NetName=NetU1000_21 Pin=X1000-11
Added Net: Name=NetU1000_21
Added Pin To Net: NetName=NetU1000_22 Pin=U1000-22
Added Pin To Net: NetName=NetU1000_22 Pin=X1000-13
Added Net: Name=NetU1000_22
Added Pin To Net: NetName=NetU1000_23 Pin=U1000-23
Added Pin To Net: NetName=NetU1000_23 Pin=X1000-6
Added Net: Name=NetU1000_23
Added Pin To Net: NetName=NetU1001_2 Pin=U1001-2
Added Pin To Net: NetName=NetU1001_2 Pin=X1001-9
Added Net: Name=NetU1001_2
Added Pin To Net: NetName=NetU1001_3 Pin=U1001-3
Added Pin To Net: NetName=NetU1001_3 Pin=X1001-1
Added Net: Name=NetU1001_3
Added Pin To Net: NetName=NetU1001_5 Pin=U1001-5
Added Pin To Net: NetName=NetU1001_5 Pin=X1001-2
Added Net: Name=NetU1001_5
Added Pin To Net: NetName=NetU1001_6 Pin=U1001-6
Added Pin To Net: NetName=NetU1001_6 Pin=X1001-8
Added Net: Name=NetU1001_6
Added Pin To Net: NetName=NetU1001_7 Pin=U1001-7
Added Pin To Net: NetName=NetU1001_7 Pin=X1001-12
Added Net: Name=NetU1001_7
Added Pin To Net: NetName=NetU1001_8 Pin=U1001-8
Added Pin To Net: NetName=NetU1001_8 Pin=X1001-5
Added Net: Name=NetU1001_8
Added Pin To Net: NetName=NetU1001_10 Pin=U1001-10
Added Pin To Net: NetName=NetU1001_10 Pin=X1001-7
Added Net: Name=NetU1001_10
Added Pin To Net: NetName=NetU1001_11 Pin=U1001-11
Added Pin To Net: NetName=NetU1001_11 Pin=X1001-14
Added Net: Name=NetU1001_11
Added Pin To Net: NetName=NetU1001_14 Pin=U1001-14
Added Pin To Net: NetName=NetU1001_14 Pin=X1001-3
Added Net: Name=NetU1001_14
Added Pin To Net: NetName=NetU1001_15 Pin=U1001-15
Added Pin To Net: NetName=NetU1001_15 Pin=X1001-15
Added Net: Name=NetU1001_15
Added Pin To Net: NetName=NetU1001_16 Pin=U1001-16
Added Pin To Net: NetName=NetU1001_16 Pin=X1001-4
Added Net: Name=NetU1001_16
Added Pin To Net: NetName=NetU1001_17 Pin=U1001-17
Added Pin To Net: NetName=NetU1001_17 Pin=X1001-16
Added Net: Name=NetU1001_17
Added Pin To Net: NetName=NetU1001_20 Pin=U1001-20
Added Pin To Net: NetName=NetU1001_20 Pin=X1001-10
Added Net: Name=NetU1001_20
Added Pin To Net: NetName=NetU1001_21 Pin=U1001-21
Added Pin To Net: NetName=NetU1001_21 Pin=X1001-11
Added Net: Name=NetU1001_21
Added Pin To Net: NetName=NetU1001_22 Pin=U1001-22
Added Pin To Net: NetName=NetU1001_22 Pin=X1001-13
Added Net: Name=NetU1001_22
Added Pin To Net: NetName=NetU1001_23 Pin=U1001-23
Added Pin To Net: NetName=NetU1001_23 Pin=X1001-6
Added Net: Name=NetU1001_23
Added Pin To Net: NetName=SCK Pin=U1000-13
Added Pin To Net: NetName=SCK Pin=U1001-13
Added Pin To Net: NetName=SCK Pin=X1-1
Added Net: Name=SCK
